[0.007s] Invoking command in '/home/janhavi/drone_swarm_py/build/swarm_com': CMAKE_PREFIX_PATH=${CMAKE_PREFIX_PATH}:/opt/ros/humble /usr/bin/cmake --build /home/janhavi/drone_swarm_py/build/swarm_com -- -j12 -l12
[0.024s] -- Found ament_cmake: 1.3.11 (/opt/ros/humble/share/ament_cmake/cmake)
[0.103s] -- Found rclpy: 3.3.15 (/opt/ros/humble/share/rclpy/cmake)
[0.103s] -- Found std_msgs: 4.2.4 (/opt/ros/humble/share/std_msgs/cmake)
[0.117s] -- Found rosidl_generator_c: 3.1.6 (/opt/ros/humble/share/rosidl_generator_c/cmake)
[0.119s] -- Found rosidl_adapter: 3.1.6 (/opt/ros/humble/share/rosidl_adapter/cmake)
[0.124s] -- Found rosidl_generator_cpp: 3.1.6 (/opt/ros/humble/share/rosidl_generator_cpp/cmake)
[0.133s] -- Using all available rosidl_typesupport_c: rosidl_typesupport_fastrtps_c;rosidl_typesupport_introspection_c
[0.140s] -- Using all available rosidl_typesupport_cpp: rosidl_typesupport_fastrtps_cpp;rosidl_typesupport_introspection_cpp
[0.152s] -- Found geometry_msgs: 4.2.4 (/opt/ros/humble/share/geometry_msgs/cmake)
[0.159s] -- Found ament_lint_auto: 0.12.11 (/opt/ros/humble/share/ament_lint_auto/cmake)
[0.198s] -- Added test 'flake8' to check Python code syntax and style conventions
[0.199s] -- Added test 'lint_cmake' to check CMake code style
[0.199s] -- Added test 'pep257' to check Python code against some of the docstring style conventions in PEP 257
[0.199s] -- Added test 'xmllint' to check XML markup files
[0.199s] -- Configuring done
[0.201s] -- Generating done
[0.202s] -- Build files have been written to: /home/janhavi/drone_swarm_py/build/swarm_com
[0.219s] Invoked command in '/home/janhavi/drone_swarm_py/build/swarm_com' returned '0': CMAKE_PREFIX_PATH=${CMAKE_PREFIX_PATH}:/opt/ros/humble /usr/bin/cmake --build /home/janhavi/drone_swarm_py/build/swarm_com -- -j12 -l12
[0.227s] Invoking command in '/home/janhavi/drone_swarm_py/build/swarm_com': CMAKE_PREFIX_PATH=${CMAKE_PREFIX_PATH}:/opt/ros/humble /usr/bin/cmake --install /home/janhavi/drone_swarm_py/build/swarm_com
[0.232s] -- Install configuration: ""
[0.233s] -- Up-to-date: /home/janhavi/drone_swarm_py/install/swarm_com/lib/swarm_com/bottom_slave.py
[0.233s] -- Up-to-date: /home/janhavi/drone_swarm_py/install/swarm_com/lib/swarm_com/front_slave.py
[0.233s] -- Up-to-date: /home/janhavi/drone_swarm_py/install/swarm_com/lib/swarm_com/left_slave.py
[0.233s] -- Up-to-date: /home/janhavi/drone_swarm_py/install/swarm_com/lib/swarm_com/master.py
[0.233s] -- Installing: /home/janhavi/drone_swarm_py/install/swarm_com/lib/swarm_com/right_slave.py
[0.233s] -- Installing: /home/janhavi/drone_swarm_py/install/swarm_com/lib/swarm_com/door_detector.py
[0.233s] -- Up-to-date: /home/janhavi/drone_swarm_py/install/swarm_com/share/swarm_com/launch
[0.233s] -- Up-to-date: /home/janhavi/drone_swarm_py/install/swarm_com/share/swarm_com/launch/swarm_launch.launch.py
[0.233s] -- Up-to-date: /home/janhavi/drone_swarm_py/install/swarm_com/share/ament_index/resource_index/package_run_dependencies/swarm_com
[0.233s] -- Installing: /home/janhavi/drone_swarm_py/install/swarm_com/share/ament_index/resource_index/parent_prefix_path/swarm_com
[0.233s] -- Up-to-date: /home/janhavi/drone_swarm_py/install/swarm_com/share/swarm_com/environment/ament_prefix_path.sh
[0.233s] -- Installing: /home/janhavi/drone_swarm_py/install/swarm_com/share/swarm_com/environment/ament_prefix_path.dsv
[0.233s] -- Up-to-date: /home/janhavi/drone_swarm_py/install/swarm_com/share/swarm_com/environment/path.sh
[0.234s] -- Installing: /home/janhavi/drone_swarm_py/install/swarm_com/share/swarm_com/environment/path.dsv
[0.234s] -- Up-to-date: /home/janhavi/drone_swarm_py/install/swarm_com/share/swarm_com/local_setup.bash
[0.234s] -- Up-to-date: /home/janhavi/drone_swarm_py/install/swarm_com/share/swarm_com/local_setup.sh
[0.234s] -- Up-to-date: /home/janhavi/drone_swarm_py/install/swarm_com/share/swarm_com/local_setup.zsh
[0.234s] -- Installing: /home/janhavi/drone_swarm_py/install/swarm_com/share/swarm_com/local_setup.dsv
[0.234s] -- Installing: /home/janhavi/drone_swarm_py/install/swarm_com/share/swarm_com/package.dsv
[0.235s] -- Up-to-date: /home/janhavi/drone_swarm_py/install/swarm_com/share/ament_index/resource_index/packages/swarm_com
[0.235s] -- Up-to-date: /home/janhavi/drone_swarm_py/install/swarm_com/share/swarm_com/cmake/swarm_comConfig.cmake
[0.235s] -- Up-to-date: /home/janhavi/drone_swarm_py/install/swarm_com/share/swarm_com/cmake/swarm_comConfig-version.cmake
[0.235s] -- Up-to-date: /home/janhavi/drone_swarm_py/install/swarm_com/share/swarm_com/package.xml
[0.235s] Invoked command in '/home/janhavi/drone_swarm_py/build/swarm_com' returned '0': CMAKE_PREFIX_PATH=${CMAKE_PREFIX_PATH}:/opt/ros/humble /usr/bin/cmake --install /home/janhavi/drone_swarm_py/build/swarm_com
