-- The C compiler identification is GNU 11.4.0
-- The CXX compiler identification is GNU 11.4.0
-- Detecting C compiler ABI info
-- Detecting C compiler ABI info - done
-- Check for working C compiler: /usr/bin/cc - skipped
-- Detecting C compile features
-- Detecting C compile features - done
-- Detecting CXX compiler ABI info
-- Detecting CXX compiler ABI info - done
-- Check for working CXX compiler: /usr/bin/c++ - skipped
-- Detecting CXX compile features
-- Detecting CXX compile features - done
-- Found ament_cmake: 1.3.11 (/opt/ros/humble/share/ament_cmake/cmake)
-- Found Python3: /usr/bin/python3 (found version "3.10.12") found components: Interpreter 
-- Found rclpy: 3.3.15 (/opt/ros/humble/share/rclpy/cmake)
-- Found std_msgs: 4.2.4 (/opt/ros/humble/share/std_msgs/cmake)
-- Found rosidl_generator_c: 3.1.6 (/opt/ros/humble/share/rosidl_generator_c/cmake)
-- Found rosidl_adapter: 3.1.6 (/opt/ros/humble/share/rosidl_adapter/cmake)
-- Found rosidl_generator_cpp: 3.1.6 (/opt/ros/humble/share/rosidl_generator_cpp/cmake)
-- Using all available rosidl_typesupport_c: rosidl_typesupport_fastrtps_c;rosidl_typesupport_introspection_c
-- Using all available rosidl_typesupport_cpp: rosidl_typesupport_fastrtps_cpp;rosidl_typesupport_introspection_cpp
-- Found geometry_msgs: 4.2.4 (/opt/ros/humble/share/geometry_msgs/cmake)
-- Found ament_lint_auto: 0.12.11 (/opt/ros/humble/share/ament_lint_auto/cmake)
-- Added test 'flake8' to check Python code syntax and style conventions
-- Added test 'lint_cmake' to check CMake code style
-- Added test 'pep257' to check Python code against some of the docstring style conventions in PEP 257
-- Added test 'xmllint' to check XML markup files
-- Configuring done
-- Generating done
-- Build files have been written to: /home/janhavi/pygame_drone_swarm/build/swarm_com
-- Install configuration: ""
-- Installing: /home/janhavi/pygame_drone_swarm/install/swarm_com/lib/swarm_com/bottom_slave_lvl1.py
-- Installing: /home/janhavi/pygame_drone_swarm/install/swarm_com/lib/swarm_com/front_slave_lvl1.py
-- Installing: /home/janhavi/pygame_drone_swarm/install/swarm_com/lib/swarm_com/left_slave_lvl1.py
-- Installing: /home/janhavi/pygame_drone_swarm/install/swarm_com/lib/swarm_com/master_lvl1.py
-- Installing: /home/janhavi/pygame_drone_swarm/install/swarm_com/lib/swarm_com/right_slave_lvl1.py
-- Installing: /home/janhavi/pygame_drone_swarm/install/swarm_com/lib/swarm_com/bottom_slave_lvl2.py
-- Installing: /home/janhavi/pygame_drone_swarm/install/swarm_com/lib/swarm_com/front_slave_lvl2.py
-- Installing: /home/janhavi/pygame_drone_swarm/install/swarm_com/lib/swarm_com/left_slave_lvl2.py
-- Installing: /home/janhavi/pygame_drone_swarm/install/swarm_com/lib/swarm_com/master_lvl2.py
-- Installing: /home/janhavi/pygame_drone_swarm/install/swarm_com/lib/swarm_com/right_slave_lvl2.py
-- Installing: /home/janhavi/pygame_drone_swarm/install/swarm_com/lib/swarm_com/bottom_slave_lvl3.py
-- Installing: /home/janhavi/pygame_drone_swarm/install/swarm_com/lib/swarm_com/front_slave_lvl3.py
-- Installing: /home/janhavi/pygame_drone_swarm/install/swarm_com/lib/swarm_com/left_slave_lvl3.py
-- Installing: /home/janhavi/pygame_drone_swarm/install/swarm_com/lib/swarm_com/master_lvl3.py
-- Installing: /home/janhavi/pygame_drone_swarm/install/swarm_com/lib/swarm_com/right_slave_lvl3.py
[31mCMake Error at cmake_install.cmake:46 (file):
  file INSTALL cannot find
  "/home/janhavi/pygame_drone_swarm/src/swarm_com/src/door_detector_lvl3.py":
  No such file or directory.

[0m
