-- Install configuration: ""
-- Installing: /home/janhavi/drone_swarm_py/install/swarm_com/lib/swarm_com/bottom_slave.py
-- Up-to-date: /home/janhavi/drone_swarm_py/install/swarm_com/lib/swarm_com/front_slave.py
-- Installing: /home/janhavi/drone_swarm_py/install/swarm_com/lib/swarm_com/left_slave.py
-- Up-to-date: /home/janhavi/drone_swarm_py/install/swarm_com/lib/swarm_com/master.py
-- Installing: /home/janhavi/drone_swarm_py/install/swarm_com/lib/swarm_com/right_slave.py
-- Up-to-date: /home/janhavi/drone_swarm_py/install/swarm_com/lib/swarm_com/door_detector.py
-- Up-to-date: /home/janhavi/drone_swarm_py/install/swarm_com/share/swarm_com/launch
-- Up-to-date: /home/janhavi/drone_swarm_py/install/swarm_com/share/swarm_com/launch/swarm_launch.launch.py
-- Up-to-date: /home/janhavi/drone_swarm_py/install/swarm_com/share/ament_index/resource_index/package_run_dependencies/swarm_com
-- Up-to-date: /home/janhavi/drone_swarm_py/install/swarm_com/share/ament_index/resource_index/parent_prefix_path/swarm_com
-- Up-to-date: /home/janhavi/drone_swarm_py/install/swarm_com/share/swarm_com/environment/ament_prefix_path.sh
-- Up-to-date: /home/janhavi/drone_swarm_py/install/swarm_com/share/swarm_com/environment/ament_prefix_path.dsv
-- Up-to-date: /home/janhavi/drone_swarm_py/install/swarm_com/share/swarm_com/environment/path.sh
-- Up-to-date: /home/janhavi/drone_swarm_py/install/swarm_com/share/swarm_com/environment/path.dsv
-- Up-to-date: /home/janhavi/drone_swarm_py/install/swarm_com/share/swarm_com/local_setup.bash
-- Up-to-date: /home/janhavi/drone_swarm_py/install/swarm_com/share/swarm_com/local_setup.sh
-- Up-to-date: /home/janhavi/drone_swarm_py/install/swarm_com/share/swarm_com/local_setup.zsh
-- Up-to-date: /home/janhavi/drone_swarm_py/install/swarm_com/share/swarm_com/local_setup.dsv
-- Installing: /home/janhavi/drone_swarm_py/install/swarm_com/share/swarm_com/package.dsv
-- Up-to-date: /home/janhavi/drone_swarm_py/install/swarm_com/share/ament_index/resource_index/packages/swarm_com
-- Up-to-date: /home/janhavi/drone_swarm_py/install/swarm_com/share/swarm_com/cmake/swarm_comConfig.cmake
-- Up-to-date: /home/janhavi/drone_swarm_py/install/swarm_com/share/swarm_com/cmake/swarm_comConfig-version.cmake
-- Up-to-date: /home/janhavi/drone_swarm_py/install/swarm_com/share/swarm_com/package.xml
