[0.007s] Invoking command in '/home/janhavi/pygame_drone_swarm2_not_used/build/swarm_com': CMAKE_PREFIX_PATH=${CMAKE_PREFIX_PATH}:/opt/ros/humble /usr/bin/cmake --build /home/janhavi/pygame_drone_swarm2_not_used/build/swarm_com -- -j12 -l12
[0.032s] Invoked command in '/home/janhavi/pygame_drone_swarm2_not_used/build/swarm_com' returned '0': CMAKE_PREFIX_PATH=${CMAKE_PREFIX_PATH}:/opt/ros/humble /usr/bin/cmake --build /home/janhavi/pygame_drone_swarm2_not_used/build/swarm_com -- -j12 -l12
[0.041s] Invoking command in '/home/janhavi/pygame_drone_swarm2_not_used/build/swarm_com': CMAKE_PREFIX_PATH=${CMAKE_PREFIX_PATH}:/opt/ros/humble /usr/bin/cmake --install /home/janhavi/pygame_drone_swarm2_not_used/build/swarm_com
[0.047s] -- Install configuration: ""
[0.048s] -- Up-to-date: /home/janhavi/pygame_drone_swarm2_not_used/install/swarm_com/lib/swarm_com/bottom_slave.py
[0.048s] -- Installing: /home/janhavi/pygame_drone_swarm2_not_used/install/swarm_com/lib/swarm_com/front_slave.py
[0.048s] -- Up-to-date: /home/janhavi/pygame_drone_swarm2_not_used/install/swarm_com/lib/swarm_com/left_slave.py
[0.048s] -- Up-to-date: /home/janhavi/pygame_drone_swarm2_not_used/install/swarm_com/lib/swarm_com/master.py
[0.048s] -- Up-to-date: /home/janhavi/pygame_drone_swarm2_not_used/install/swarm_com/lib/swarm_com/right_slave.py
[0.048s] -- Up-to-date: /home/janhavi/pygame_drone_swarm2_not_used/install/swarm_com/lib/swarm_com/door_detector.py
[0.048s] -- Up-to-date: /home/janhavi/pygame_drone_swarm2_not_used/install/swarm_com/share/swarm_com/launch
[0.048s] -- Up-to-date: /home/janhavi/pygame_drone_swarm2_not_used/install/swarm_com/share/swarm_com/launch/swarm_launch.launch.py
[0.048s] -- Up-to-date: /home/janhavi/pygame_drone_swarm2_not_used/install/swarm_com/share/ament_index/resource_index/package_run_dependencies/swarm_com
[0.048s] -- Up-to-date: /home/janhavi/pygame_drone_swarm2_not_used/install/swarm_com/share/ament_index/resource_index/parent_prefix_path/swarm_com
[0.049s] -- Up-to-date: /home/janhavi/pygame_drone_swarm2_not_used/install/swarm_com/share/swarm_com/environment/ament_prefix_path.sh
[0.049s] -- Up-to-date: /home/janhavi/pygame_drone_swarm2_not_used/install/swarm_com/share/swarm_com/environment/ament_prefix_path.dsv
[0.049s] -- Up-to-date: /home/janhavi/pygame_drone_swarm2_not_used/install/swarm_com/share/swarm_com/environment/path.sh
[0.049s] -- Up-to-date: /home/janhavi/pygame_drone_swarm2_not_used/install/swarm_com/share/swarm_com/environment/path.dsv
[0.049s] -- Up-to-date: /home/janhavi/pygame_drone_swarm2_not_used/install/swarm_com/share/swarm_com/local_setup.bash
[0.049s] -- Up-to-date: /home/janhavi/pygame_drone_swarm2_not_used/install/swarm_com/share/swarm_com/local_setup.sh
[0.049s] -- Up-to-date: /home/janhavi/pygame_drone_swarm2_not_used/install/swarm_com/share/swarm_com/local_setup.zsh
[0.049s] -- Up-to-date: /home/janhavi/pygame_drone_swarm2_not_used/install/swarm_com/share/swarm_com/local_setup.dsv
[0.049s] -- Installing: /home/janhavi/pygame_drone_swarm2_not_used/install/swarm_com/share/swarm_com/package.dsv
[0.049s] -- Up-to-date: /home/janhavi/pygame_drone_swarm2_not_used/install/swarm_com/share/ament_index/resource_index/packages/swarm_com
[0.049s] -- Up-to-date: /home/janhavi/pygame_drone_swarm2_not_used/install/swarm_com/share/swarm_com/cmake/swarm_comConfig.cmake
[0.049s] -- Up-to-date: /home/janhavi/pygame_drone_swarm2_not_used/install/swarm_com/share/swarm_com/cmake/swarm_comConfig-version.cmake
[0.049s] -- Up-to-date: /home/janhavi/pygame_drone_swarm2_not_used/install/swarm_com/share/swarm_com/package.xml
[0.050s] Invoked command in '/home/janhavi/pygame_drone_swarm2_not_used/build/swarm_com' returned '0': CMAKE_PREFIX_PATH=${CMAKE_PREFIX_PATH}:/opt/ros/humble /usr/bin/cmake --install /home/janhavi/pygame_drone_swarm2_not_used/build/swarm_com
