[0.006s] Invoking command in '/home/janhavi/pygame_drone_swarm/build/swarm_com': CMAKE_PREFIX_PATH=/opt/ros/humble /usr/bin/cmake --build /home/janhavi/pygame_drone_swarm/build/swarm_com -- -j12 -l12
[0.024s] -- Found ament_cmake: 1.3.11 (/opt/ros/humble/share/ament_cmake/cmake)
[0.104s] -- Found rclpy: 3.3.15 (/opt/ros/humble/share/rclpy/cmake)
[0.104s] -- Found std_msgs: 4.2.4 (/opt/ros/humble/share/std_msgs/cmake)
[0.118s] -- Found rosidl_generator_c: 3.1.6 (/opt/ros/humble/share/rosidl_generator_c/cmake)
[0.119s] -- Found rosidl_adapter: 3.1.6 (/opt/ros/humble/share/rosidl_adapter/cmake)
[0.122s] -- Found rosidl_generator_cpp: 3.1.6 (/opt/ros/humble/share/rosidl_generator_cpp/cmake)
[0.127s] -- Using all available rosidl_typesupport_c: rosidl_typesupport_fastrtps_c;rosidl_typesupport_introspection_c
[0.134s] -- Using all available rosidl_typesupport_cpp: rosidl_typesupport_fastrtps_cpp;rosidl_typesupport_introspection_cpp
[0.145s] -- Found geometry_msgs: 4.2.4 (/opt/ros/humble/share/geometry_msgs/cmake)
[0.152s] -- Found ament_lint_auto: 0.12.11 (/opt/ros/humble/share/ament_lint_auto/cmake)
[0.190s] -- Added test 'flake8' to check Python code syntax and style conventions
[0.190s] -- Added test 'lint_cmake' to check CMake code style
[0.191s] -- Added test 'pep257' to check Python code against some of the docstring style conventions in PEP 257
[0.191s] -- Added test 'xmllint' to check XML markup files
[0.192s] -- Configuring done
[0.193s] -- Generating done
[0.194s] -- Build files have been written to: /home/janhavi/pygame_drone_swarm/build/swarm_com
[0.210s] Invoked command in '/home/janhavi/pygame_drone_swarm/build/swarm_com' returned '0': CMAKE_PREFIX_PATH=/opt/ros/humble /usr/bin/cmake --build /home/janhavi/pygame_drone_swarm/build/swarm_com -- -j12 -l12
[0.217s] Invoking command in '/home/janhavi/pygame_drone_swarm/build/swarm_com': CMAKE_PREFIX_PATH=/opt/ros/humble /usr/bin/cmake --install /home/janhavi/pygame_drone_swarm/build/swarm_com
[0.222s] -- Install configuration: ""
[0.222s] -- Up-to-date: /home/janhavi/pygame_drone_swarm/install/swarm_com/lib/swarm_com/bottom_slave_lvl1.py
[0.223s] -- Up-to-date: /home/janhavi/pygame_drone_swarm/install/swarm_com/lib/swarm_com/front_slave_lvl1.py
[0.223s] -- Up-to-date: /home/janhavi/pygame_drone_swarm/install/swarm_com/lib/swarm_com/left_slave_lvl1.py
[0.223s] -- Up-to-date: /home/janhavi/pygame_drone_swarm/install/swarm_com/lib/swarm_com/master_lvl1.py
[0.223s] -- Up-to-date: /home/janhavi/pygame_drone_swarm/install/swarm_com/lib/swarm_com/right_slave_lvl1.py
[0.223s] -- Up-to-date: /home/janhavi/pygame_drone_swarm/install/swarm_com/lib/swarm_com/bottom_slave_lvl2.py
[0.223s] -- Up-to-date: /home/janhavi/pygame_drone_swarm/install/swarm_com/lib/swarm_com/front_slave_lvl2.py
[0.223s] -- Up-to-date: /home/janhavi/pygame_drone_swarm/install/swarm_com/lib/swarm_com/left_slave_lvl2.py
[0.223s] -- Up-to-date: /home/janhavi/pygame_drone_swarm/install/swarm_com/lib/swarm_com/master_lvl2.py
[0.223s] -- Up-to-date: /home/janhavi/pygame_drone_swarm/install/swarm_com/lib/swarm_com/right_slave_lvl2.py
[0.223s] -- Up-to-date: /home/janhavi/pygame_drone_swarm/install/swarm_com/lib/swarm_com/bottom_slave_lvl3.py
[0.223s] -- Up-to-date: /home/janhavi/pygame_drone_swarm/install/swarm_com/lib/swarm_com/front_slave_lvl3.py
[0.223s] -- Up-to-date: /home/janhavi/pygame_drone_swarm/install/swarm_com/lib/swarm_com/left_slave_lvl3.py
[0.223s] -- Up-to-date: /home/janhavi/pygame_drone_swarm/install/swarm_com/lib/swarm_com/master_lvl3.py
[0.223s] -- Up-to-date: /home/janhavi/pygame_drone_swarm/install/swarm_com/lib/swarm_com/right_slave_lvl3.py
[0.223s] -- Installing: /home/janhavi/pygame_drone_swarm/install/swarm_com/lib/swarm_com/door_detector.py
[0.224s] -- Installing: /home/janhavi/pygame_drone_swarm/install/swarm_com/share/swarm_com/launch
[0.224s] -- Installing: /home/janhavi/pygame_drone_swarm/install/swarm_com/share/swarm_com/launch/swarm_launch.launch.py
[0.224s] -- Installing: /home/janhavi/pygame_drone_swarm/install/swarm_com/share/ament_index/resource_index/package_run_dependencies/swarm_com
[0.224s] -- Installing: /home/janhavi/pygame_drone_swarm/install/swarm_com/share/ament_index/resource_index/parent_prefix_path/swarm_com
[0.224s] -- Installing: /home/janhavi/pygame_drone_swarm/install/swarm_com/share/swarm_com/environment/ament_prefix_path.sh
[0.224s] -- Installing: /home/janhavi/pygame_drone_swarm/install/swarm_com/share/swarm_com/environment/ament_prefix_path.dsv
[0.224s] -- Installing: /home/janhavi/pygame_drone_swarm/install/swarm_com/share/swarm_com/environment/path.sh
[0.224s] -- Installing: /home/janhavi/pygame_drone_swarm/install/swarm_com/share/swarm_com/environment/path.dsv
[0.224s] -- Installing: /home/janhavi/pygame_drone_swarm/install/swarm_com/share/swarm_com/local_setup.bash
[0.224s] -- Installing: /home/janhavi/pygame_drone_swarm/install/swarm_com/share/swarm_com/local_setup.sh
[0.224s] -- Installing: /home/janhavi/pygame_drone_swarm/install/swarm_com/share/swarm_com/local_setup.zsh
[0.224s] -- Installing: /home/janhavi/pygame_drone_swarm/install/swarm_com/share/swarm_com/local_setup.dsv
[0.224s] -- Installing: /home/janhavi/pygame_drone_swarm/install/swarm_com/share/swarm_com/package.dsv
[0.225s] -- Installing: /home/janhavi/pygame_drone_swarm/install/swarm_com/share/ament_index/resource_index/packages/swarm_com
[0.225s] -- Installing: /home/janhavi/pygame_drone_swarm/install/swarm_com/share/swarm_com/cmake/swarm_comConfig.cmake
[0.225s] -- Installing: /home/janhavi/pygame_drone_swarm/install/swarm_com/share/swarm_com/cmake/swarm_comConfig-version.cmake
[0.225s] -- Installing: /home/janhavi/pygame_drone_swarm/install/swarm_com/share/swarm_com/package.xml
[0.225s] Invoked command in '/home/janhavi/pygame_drone_swarm/build/swarm_com' returned '0': CMAKE_PREFIX_PATH=/opt/ros/humble /usr/bin/cmake --install /home/janhavi/pygame_drone_swarm/build/swarm_com
