[0.007s] Invoking command in '/home/janhavi/pygame_drone_swarm2_not_used/build/swarm_com': CMAKE_PREFIX_PATH=${CMAKE_PREFIX_PATH}:/opt/ros/humble /usr/bin/cmake /home/janhavi/pygame_drone_swarm2_not_used/src/swarm_com -DCMAKE_INSTALL_PREFIX=/home/janhavi/pygame_drone_swarm2_not_used/install/swarm_com
[0.077s] -- The C compiler identification is GNU 11.4.0
[0.120s] -- The CXX compiler identification is GNU 11.4.0
[0.126s] -- Detecting C compiler ABI info
[0.185s] -- Detecting C compiler ABI info - done
[0.191s] -- Check for working C compiler: /usr/bin/cc - skipped
[0.191s] -- Detecting C compile features
[0.191s] -- Detecting C compile features - done
[0.193s] -- Detecting CXX compiler ABI info
[0.250s] -- Detecting CXX compiler ABI info - done
[0.254s] -- Check for working CXX compiler: /usr/bin/c++ - skipped
[0.254s] -- Detecting CXX compile features
[0.254s] -- Detecting CXX compile features - done
[0.256s] -- Found ament_cmake: 1.3.11 (/opt/ros/humble/share/ament_cmake/cmake)
[0.516s] -- Found Python3: /usr/bin/python3 (found version "3.10.12") found components: Interpreter 
[0.578s] -- Found rclpy: 3.3.15 (/opt/ros/humble/share/rclpy/cmake)
[0.579s] -- Found std_msgs: 4.2.4 (/opt/ros/humble/share/std_msgs/cmake)
[0.598s] -- Found rosidl_generator_c: 3.1.6 (/opt/ros/humble/share/rosidl_generator_c/cmake)
[0.600s] -- Found rosidl_adapter: 3.1.6 (/opt/ros/humble/share/rosidl_adapter/cmake)
[0.605s] -- Found rosidl_generator_cpp: 3.1.6 (/opt/ros/humble/share/rosidl_generator_cpp/cmake)
[0.612s] -- Using all available rosidl_typesupport_c: rosidl_typesupport_fastrtps_c;rosidl_typesupport_introspection_c
[0.621s] -- Using all available rosidl_typesupport_cpp: rosidl_typesupport_fastrtps_cpp;rosidl_typesupport_introspection_cpp
[0.636s] -- Found geometry_msgs: 4.2.4 (/opt/ros/humble/share/geometry_msgs/cmake)
[0.644s] -- Found ament_lint_auto: 0.12.11 (/opt/ros/humble/share/ament_lint_auto/cmake)
[0.689s] -- Added test 'flake8' to check Python code syntax and style conventions
[0.689s] -- Added test 'lint_cmake' to check CMake code style
[0.689s] -- Added test 'pep257' to check Python code against some of the docstring style conventions in PEP 257
[0.690s] -- Added test 'xmllint' to check XML markup files
[0.690s] -- Configuring done
[0.692s] -- Generating done
[0.693s] -- Build files have been written to: /home/janhavi/pygame_drone_swarm2_not_used/build/swarm_com
[0.697s] Invoked command in '/home/janhavi/pygame_drone_swarm2_not_used/build/swarm_com' returned '0': CMAKE_PREFIX_PATH=${CMAKE_PREFIX_PATH}:/opt/ros/humble /usr/bin/cmake /home/janhavi/pygame_drone_swarm2_not_used/src/swarm_com -DCMAKE_INSTALL_PREFIX=/home/janhavi/pygame_drone_swarm2_not_used/install/swarm_com
[0.699s] Invoking command in '/home/janhavi/pygame_drone_swarm2_not_used/build/swarm_com': CMAKE_PREFIX_PATH=${CMAKE_PREFIX_PATH}:/opt/ros/humble /usr/bin/cmake --build /home/janhavi/pygame_drone_swarm2_not_used/build/swarm_com -- -j12 -l12
[0.725s] Invoked command in '/home/janhavi/pygame_drone_swarm2_not_used/build/swarm_com' returned '0': CMAKE_PREFIX_PATH=${CMAKE_PREFIX_PATH}:/opt/ros/humble /usr/bin/cmake --build /home/janhavi/pygame_drone_swarm2_not_used/build/swarm_com -- -j12 -l12
[0.734s] Invoking command in '/home/janhavi/pygame_drone_swarm2_not_used/build/swarm_com': CMAKE_PREFIX_PATH=${CMAKE_PREFIX_PATH}:/opt/ros/humble /usr/bin/cmake --install /home/janhavi/pygame_drone_swarm2_not_used/build/swarm_com
[0.740s] -- Install configuration: ""
[0.740s] -- Installing: /home/janhavi/pygame_drone_swarm2_not_used/install/swarm_com/lib/swarm_com/bottom_slave.py
[0.740s] -- Installing: /home/janhavi/pygame_drone_swarm2_not_used/install/swarm_com/lib/swarm_com/front_slave.py
[0.740s] -- Installing: /home/janhavi/pygame_drone_swarm2_not_used/install/swarm_com/lib/swarm_com/left_slave.py
[0.740s] -- Installing: /home/janhavi/pygame_drone_swarm2_not_used/install/swarm_com/lib/swarm_com/master.py
[0.740s] -- Installing: /home/janhavi/pygame_drone_swarm2_not_used/install/swarm_com/lib/swarm_com/right_slave.py
[0.740s] -- Installing: /home/janhavi/pygame_drone_swarm2_not_used/install/swarm_com/lib/swarm_com/door_detector.py
[0.740s] -- Installing: /home/janhavi/pygame_drone_swarm2_not_used/install/swarm_com/share/swarm_com/launch
[0.740s] -- Installing: /home/janhavi/pygame_drone_swarm2_not_used/install/swarm_com/share/swarm_com/launch/swarm_launch.launch.py
[0.740s] -- Installing: /home/janhavi/pygame_drone_swarm2_not_used/install/swarm_com/share/ament_index/resource_index/package_run_dependencies/swarm_com
[0.741s] -- Installing: /home/janhavi/pygame_drone_swarm2_not_used/install/swarm_com/share/ament_index/resource_index/parent_prefix_path/swarm_com
[0.741s] -- Installing: /home/janhavi/pygame_drone_swarm2_not_used/install/swarm_com/share/swarm_com/environment/ament_prefix_path.sh
[0.741s] -- Installing: /home/janhavi/pygame_drone_swarm2_not_used/install/swarm_com/share/swarm_com/environment/ament_prefix_path.dsv
[0.741s] -- Installing: /home/janhavi/pygame_drone_swarm2_not_used/install/swarm_com/share/swarm_com/environment/path.sh
[0.741s] -- Installing: /home/janhavi/pygame_drone_swarm2_not_used/install/swarm_com/share/swarm_com/environment/path.dsv
[0.741s] -- Installing: /home/janhavi/pygame_drone_swarm2_not_used/install/swarm_com/share/swarm_com/local_setup.bash
[0.741s] -- Installing: /home/janhavi/pygame_drone_swarm2_not_used/install/swarm_com/share/swarm_com/local_setup.sh
[0.741s] -- Installing: /home/janhavi/pygame_drone_swarm2_not_used/install/swarm_com/share/swarm_com/local_setup.zsh
[0.741s] -- Installing: /home/janhavi/pygame_drone_swarm2_not_used/install/swarm_com/share/swarm_com/local_setup.dsv
[0.741s] -- Installing: /home/janhavi/pygame_drone_swarm2_not_used/install/swarm_com/share/swarm_com/package.dsv
[0.741s] -- Installing: /home/janhavi/pygame_drone_swarm2_not_used/install/swarm_com/share/ament_index/resource_index/packages/swarm_com
[0.741s] -- Installing: /home/janhavi/pygame_drone_swarm2_not_used/install/swarm_com/share/swarm_com/cmake/swarm_comConfig.cmake
[0.741s] -- Installing: /home/janhavi/pygame_drone_swarm2_not_used/install/swarm_com/share/swarm_com/cmake/swarm_comConfig-version.cmake
[0.741s] -- Installing: /home/janhavi/pygame_drone_swarm2_not_used/install/swarm_com/share/swarm_com/package.xml
[0.742s] Invoked command in '/home/janhavi/pygame_drone_swarm2_not_used/build/swarm_com' returned '0': CMAKE_PREFIX_PATH=${CMAKE_PREFIX_PATH}:/opt/ros/humble /usr/bin/cmake --install /home/janhavi/pygame_drone_swarm2_not_used/build/swarm_com
