[0.061s] DEBUG:colcon:Command line arguments: ['/usr/bin/colcon', 'build']
[0.061s] DEBUG:colcon:Parsed command line arguments: Namespace(log_base=None, log_level=None, verb_name='build', build_base='build', install_base='install', merge_install=False, symlink_install=False, test_result_base=None, continue_on_error=False, executor='parallel', parallel_workers=12, event_handlers=None, ignore_user_meta=False, metas=['./colcon.meta'], base_paths=['.'], packages_ignore=None, packages_ignore_regex=None, paths=None, packages_up_to=None, packages_up_to_regex=None, packages_above=None, packages_above_and_dependencies=None, packages_above_depth=None, packages_select_by_dep=None, packages_skip_by_dep=None, packages_skip_up_to=None, packages_select_build_failed=False, packages_skip_build_finished=False, packages_select_test_failures=False, packages_skip_test_passed=False, packages_select=None, packages_skip=None, packages_select_regex=None, packages_skip_regex=None, packages_start=None, packages_end=None, allow_overriding=[], cmake_args=None, cmake_target=None, cmake_target_skip_unavailable=False, cmake_clean_cache=False, cmake_clean_first=False, cmake_force_configure=False, ament_cmake_args=None, catkin_cmake_args=None, catkin_skip_building_tests=False, mixin_files=None, mixin=None, verb_parser=<colcon_mixin.mixin.mixin_argument.MixinArgumentDecorator object at 0x7bf0d011edd0>, verb_extension=<colcon_core.verb.build.BuildVerb object at 0x7bf0d025be50>, main=<bound method BuildVerb.main of <colcon_core.verb.build.BuildVerb object at 0x7bf0d025be50>>, mixin_verb=('build',))
[0.088s] Level 1:colcon.colcon_core.package_discovery:discover_packages(colcon_meta) check parameters
[0.088s] Level 1:colcon.colcon_core.package_discovery:discover_packages(recursive) check parameters
[0.088s] Level 1:colcon.colcon_core.package_discovery:discover_packages(ignore) check parameters
[0.088s] Level 1:colcon.colcon_core.package_discovery:discover_packages(path) check parameters
[0.088s] Level 1:colcon.colcon_core.package_discovery:discover_packages(colcon_meta) discover
[0.088s] Level 1:colcon.colcon_core.package_discovery:discover_packages(recursive) discover
[0.088s] INFO:colcon.colcon_core.package_discovery:Crawling recursively for packages in '/home/janhavi/drone_swarm_py'
[0.088s] Level 1:colcon.colcon_core.package_identification:_identify(.) by extensions ['ignore', 'ignore_ament_install']
[0.088s] Level 1:colcon.colcon_core.package_identification:_identify(.) by extension 'ignore'
[0.088s] Level 1:colcon.colcon_core.package_identification:_identify(.) by extension 'ignore_ament_install'
[0.088s] Level 1:colcon.colcon_core.package_identification:_identify(.) by extensions ['colcon_pkg']
[0.088s] Level 1:colcon.colcon_core.package_identification:_identify(.) by extension 'colcon_pkg'
[0.088s] Level 1:colcon.colcon_core.package_identification:_identify(.) by extensions ['colcon_meta']
[0.088s] Level 1:colcon.colcon_core.package_identification:_identify(.) by extension 'colcon_meta'
[0.088s] Level 1:colcon.colcon_core.package_identification:_identify(.) by extensions ['ros']
[0.088s] Level 1:colcon.colcon_core.package_identification:_identify(.) by extension 'ros'
[0.097s] Level 1:colcon.colcon_core.package_identification:_identify(.) by extensions ['cmake', 'python']
[0.097s] Level 1:colcon.colcon_core.package_identification:_identify(.) by extension 'cmake'
[0.097s] Level 1:colcon.colcon_core.package_identification:_identify(.) by extension 'python'
[0.097s] Level 1:colcon.colcon_core.package_identification:_identify(.) by extensions ['python_setup_py']
[0.097s] Level 1:colcon.colcon_core.package_identification:_identify(.) by extension 'python_setup_py'
[0.097s] Level 1:colcon.colcon_core.package_identification:_identify(build) by extensions ['ignore', 'ignore_ament_install']
[0.097s] Level 1:colcon.colcon_core.package_identification:_identify(build) by extension 'ignore'
[0.097s] Level 1:colcon.colcon_core.package_identification:_identify(build) ignored
[0.097s] Level 1:colcon.colcon_core.package_identification:_identify(install) by extensions ['ignore', 'ignore_ament_install']
[0.097s] Level 1:colcon.colcon_core.package_identification:_identify(install) by extension 'ignore'
[0.097s] Level 1:colcon.colcon_core.package_identification:_identify(install) ignored
[0.097s] Level 1:colcon.colcon_core.package_identification:_identify(log) by extensions ['ignore', 'ignore_ament_install']
[0.097s] Level 1:colcon.colcon_core.package_identification:_identify(log) by extension 'ignore'
[0.097s] Level 1:colcon.colcon_core.package_identification:_identify(log) ignored
[0.097s] Level 1:colcon.colcon_core.package_identification:_identify(src) by extensions ['ignore', 'ignore_ament_install']
[0.097s] Level 1:colcon.colcon_core.package_identification:_identify(src) by extension 'ignore'
[0.097s] Level 1:colcon.colcon_core.package_identification:_identify(src) by extension 'ignore_ament_install'
[0.097s] Level 1:colcon.colcon_core.package_identification:_identify(src) by extensions ['colcon_pkg']
[0.097s] Level 1:colcon.colcon_core.package_identification:_identify(src) by extension 'colcon_pkg'
[0.097s] Level 1:colcon.colcon_core.package_identification:_identify(src) by extensions ['colcon_meta']
[0.097s] Level 1:colcon.colcon_core.package_identification:_identify(src) by extension 'colcon_meta'
[0.097s] Level 1:colcon.colcon_core.package_identification:_identify(src) by extensions ['ros']
[0.097s] Level 1:colcon.colcon_core.package_identification:_identify(src) by extension 'ros'
[0.098s] Level 1:colcon.colcon_core.package_identification:_identify(src) by extensions ['cmake', 'python']
[0.098s] Level 1:colcon.colcon_core.package_identification:_identify(src) by extension 'cmake'
[0.098s] Level 1:colcon.colcon_core.package_identification:_identify(src) by extension 'python'
[0.098s] Level 1:colcon.colcon_core.package_identification:_identify(src) by extensions ['python_setup_py']
[0.098s] Level 1:colcon.colcon_core.package_identification:_identify(src) by extension 'python_setup_py'
[0.098s] Level 1:colcon.colcon_core.package_identification:_identify(src/build) by extensions ['ignore', 'ignore_ament_install']
[0.098s] Level 1:colcon.colcon_core.package_identification:_identify(src/build) by extension 'ignore'
[0.098s] Level 1:colcon.colcon_core.package_identification:_identify(src/build) by extension 'ignore_ament_install'
[0.098s] Level 1:colcon.colcon_core.package_identification:_identify(src/build) by extensions ['colcon_pkg']
[0.098s] Level 1:colcon.colcon_core.package_identification:_identify(src/build) by extension 'colcon_pkg'
[0.098s] Level 1:colcon.colcon_core.package_identification:_identify(src/build) by extensions ['colcon_meta']
[0.098s] Level 1:colcon.colcon_core.package_identification:_identify(src/build) by extension 'colcon_meta'
[0.098s] Level 1:colcon.colcon_core.package_identification:_identify(src/build) by extensions ['ros']
[0.098s] Level 1:colcon.colcon_core.package_identification:_identify(src/build) by extension 'ros'
[0.098s] Level 1:colcon.colcon_core.package_identification:_identify(src/build) by extensions ['cmake', 'python']
[0.098s] Level 1:colcon.colcon_core.package_identification:_identify(src/build) by extension 'cmake'
[0.098s] Level 1:colcon.colcon_core.package_identification:_identify(src/build) by extension 'python'
[0.098s] Level 1:colcon.colcon_core.package_identification:_identify(src/build) by extensions ['python_setup_py']
[0.098s] Level 1:colcon.colcon_core.package_identification:_identify(src/build) by extension 'python_setup_py'
[0.098s] Level 1:colcon.colcon_core.package_identification:_identify(src/build/swarm_com) by extensions ['ignore', 'ignore_ament_install']
[0.098s] Level 1:colcon.colcon_core.package_identification:_identify(src/build/swarm_com) by extension 'ignore'
[0.098s] Level 1:colcon.colcon_core.package_identification:_identify(src/build/swarm_com) by extension 'ignore_ament_install'
[0.098s] Level 1:colcon.colcon_core.package_identification:_identify(src/build/swarm_com) by extensions ['colcon_pkg']
[0.098s] Level 1:colcon.colcon_core.package_identification:_identify(src/build/swarm_com) by extension 'colcon_pkg'
[0.098s] Level 1:colcon.colcon_core.package_identification:_identify(src/build/swarm_com) by extensions ['colcon_meta']
[0.098s] Level 1:colcon.colcon_core.package_identification:_identify(src/build/swarm_com) by extension 'colcon_meta'
[0.098s] Level 1:colcon.colcon_core.package_identification:_identify(src/build/swarm_com) by extensions ['ros']
[0.098s] Level 1:colcon.colcon_core.package_identification:_identify(src/build/swarm_com) by extension 'ros'
[0.098s] Level 1:colcon.colcon_core.package_identification:_identify(src/build/swarm_com) by extensions ['cmake', 'python']
[0.098s] Level 1:colcon.colcon_core.package_identification:_identify(src/build/swarm_com) by extension 'cmake'
[0.098s] Level 1:colcon.colcon_core.package_identification:_identify(src/build/swarm_com) by extension 'python'
[0.098s] Level 1:colcon.colcon_core.package_identification:_identify(src/build/swarm_com) by extensions ['python_setup_py']
[0.098s] Level 1:colcon.colcon_core.package_identification:_identify(src/build/swarm_com) by extension 'python_setup_py'
[0.098s] Level 1:colcon.colcon_core.package_identification:_identify(src/build/swarm_com/CMakeFiles) by extensions ['ignore', 'ignore_ament_install']
[0.098s] Level 1:colcon.colcon_core.package_identification:_identify(src/build/swarm_com/CMakeFiles) by extension 'ignore'
[0.098s] Level 1:colcon.colcon_core.package_identification:_identify(src/build/swarm_com/CMakeFiles) by extension 'ignore_ament_install'
[0.098s] Level 1:colcon.colcon_core.package_identification:_identify(src/build/swarm_com/CMakeFiles) by extensions ['colcon_pkg']
[0.098s] Level 1:colcon.colcon_core.package_identification:_identify(src/build/swarm_com/CMakeFiles) by extension 'colcon_pkg'
[0.098s] Level 1:colcon.colcon_core.package_identification:_identify(src/build/swarm_com/CMakeFiles) by extensions ['colcon_meta']
[0.098s] Level 1:colcon.colcon_core.package_identification:_identify(src/build/swarm_com/CMakeFiles) by extension 'colcon_meta'
[0.098s] Level 1:colcon.colcon_core.package_identification:_identify(src/build/swarm_com/CMakeFiles) by extensions ['ros']
[0.098s] Level 1:colcon.colcon_core.package_identification:_identify(src/build/swarm_com/CMakeFiles) by extension 'ros'
[0.099s] Level 1:colcon.colcon_core.package_identification:_identify(src/build/swarm_com/CMakeFiles) by extensions ['cmake', 'python']
[0.099s] Level 1:colcon.colcon_core.package_identification:_identify(src/build/swarm_com/CMakeFiles) by extension 'cmake'
[0.099s] Level 1:colcon.colcon_core.package_identification:_identify(src/build/swarm_com/CMakeFiles) by extension 'python'
[0.099s] Level 1:colcon.colcon_core.package_identification:_identify(src/build/swarm_com/CMakeFiles) by extensions ['python_setup_py']
[0.099s] Level 1:colcon.colcon_core.package_identification:_identify(src/build/swarm_com/CMakeFiles) by extension 'python_setup_py'
[0.099s] Level 1:colcon.colcon_core.package_identification:_identify(src/build/swarm_com/CMakeFiles/3.22.1) by extensions ['ignore', 'ignore_ament_install']
[0.099s] Level 1:colcon.colcon_core.package_identification:_identify(src/build/swarm_com/CMakeFiles/3.22.1) by extension 'ignore'
[0.099s] Level 1:colcon.colcon_core.package_identification:_identify(src/build/swarm_com/CMakeFiles/3.22.1) by extension 'ignore_ament_install'
[0.099s] Level 1:colcon.colcon_core.package_identification:_identify(src/build/swarm_com/CMakeFiles/3.22.1) by extensions ['colcon_pkg']
[0.099s] Level 1:colcon.colcon_core.package_identification:_identify(src/build/swarm_com/CMakeFiles/3.22.1) by extension 'colcon_pkg'
[0.099s] Level 1:colcon.colcon_core.package_identification:_identify(src/build/swarm_com/CMakeFiles/3.22.1) by extensions ['colcon_meta']
[0.099s] Level 1:colcon.colcon_core.package_identification:_identify(src/build/swarm_com/CMakeFiles/3.22.1) by extension 'colcon_meta'
[0.099s] Level 1:colcon.colcon_core.package_identification:_identify(src/build/swarm_com/CMakeFiles/3.22.1) by extensions ['ros']
[0.099s] Level 1:colcon.colcon_core.package_identification:_identify(src/build/swarm_com/CMakeFiles/3.22.1) by extension 'ros'
[0.099s] Level 1:colcon.colcon_core.package_identification:_identify(src/build/swarm_com/CMakeFiles/3.22.1) by extensions ['cmake', 'python']
[0.099s] Level 1:colcon.colcon_core.package_identification:_identify(src/build/swarm_com/CMakeFiles/3.22.1) by extension 'cmake'
[0.099s] Level 1:colcon.colcon_core.package_identification:_identify(src/build/swarm_com/CMakeFiles/3.22.1) by extension 'python'
[0.099s] Level 1:colcon.colcon_core.package_identification:_identify(src/build/swarm_com/CMakeFiles/3.22.1) by extensions ['python_setup_py']
[0.099s] Level 1:colcon.colcon_core.package_identification:_identify(src/build/swarm_com/CMakeFiles/3.22.1) by extension 'python_setup_py'
[0.099s] Level 1:colcon.colcon_core.package_identification:_identify(src/build/swarm_com/CMakeFiles/3.22.1/CompilerIdC) by extensions ['ignore', 'ignore_ament_install']
[0.099s] Level 1:colcon.colcon_core.package_identification:_identify(src/build/swarm_com/CMakeFiles/3.22.1/CompilerIdC) by extension 'ignore'
[0.099s] Level 1:colcon.colcon_core.package_identification:_identify(src/build/swarm_com/CMakeFiles/3.22.1/CompilerIdC) by extension 'ignore_ament_install'
[0.099s] Level 1:colcon.colcon_core.package_identification:_identify(src/build/swarm_com/CMakeFiles/3.22.1/CompilerIdC) by extensions ['colcon_pkg']
[0.099s] Level 1:colcon.colcon_core.package_identification:_identify(src/build/swarm_com/CMakeFiles/3.22.1/CompilerIdC) by extension 'colcon_pkg'
[0.099s] Level 1:colcon.colcon_core.package_identification:_identify(src/build/swarm_com/CMakeFiles/3.22.1/CompilerIdC) by extensions ['colcon_meta']
[0.099s] Level 1:colcon.colcon_core.package_identification:_identify(src/build/swarm_com/CMakeFiles/3.22.1/CompilerIdC) by extension 'colcon_meta'
[0.099s] Level 1:colcon.colcon_core.package_identification:_identify(src/build/swarm_com/CMakeFiles/3.22.1/CompilerIdC) by extensions ['ros']
[0.099s] Level 1:colcon.colcon_core.package_identification:_identify(src/build/swarm_com/CMakeFiles/3.22.1/CompilerIdC) by extension 'ros'
[0.099s] Level 1:colcon.colcon_core.package_identification:_identify(src/build/swarm_com/CMakeFiles/3.22.1/CompilerIdC) by extensions ['cmake', 'python']
[0.099s] Level 1:colcon.colcon_core.package_identification:_identify(src/build/swarm_com/CMakeFiles/3.22.1/CompilerIdC) by extension 'cmake'
[0.099s] Level 1:colcon.colcon_core.package_identification:_identify(src/build/swarm_com/CMakeFiles/3.22.1/CompilerIdC) by extension 'python'
[0.099s] Level 1:colcon.colcon_core.package_identification:_identify(src/build/swarm_com/CMakeFiles/3.22.1/CompilerIdC) by extensions ['python_setup_py']
[0.099s] Level 1:colcon.colcon_core.package_identification:_identify(src/build/swarm_com/CMakeFiles/3.22.1/CompilerIdC) by extension 'python_setup_py'
[0.099s] Level 1:colcon.colcon_core.package_identification:_identify(src/build/swarm_com/CMakeFiles/3.22.1/CompilerIdC/tmp) by extensions ['ignore', 'ignore_ament_install']
[0.099s] Level 1:colcon.colcon_core.package_identification:_identify(src/build/swarm_com/CMakeFiles/3.22.1/CompilerIdC/tmp) by extension 'ignore'
[0.099s] Level 1:colcon.colcon_core.package_identification:_identify(src/build/swarm_com/CMakeFiles/3.22.1/CompilerIdC/tmp) by extension 'ignore_ament_install'
[0.099s] Level 1:colcon.colcon_core.package_identification:_identify(src/build/swarm_com/CMakeFiles/3.22.1/CompilerIdC/tmp) by extensions ['colcon_pkg']
[0.099s] Level 1:colcon.colcon_core.package_identification:_identify(src/build/swarm_com/CMakeFiles/3.22.1/CompilerIdC/tmp) by extension 'colcon_pkg'
[0.099s] Level 1:colcon.colcon_core.package_identification:_identify(src/build/swarm_com/CMakeFiles/3.22.1/CompilerIdC/tmp) by extensions ['colcon_meta']
[0.099s] Level 1:colcon.colcon_core.package_identification:_identify(src/build/swarm_com/CMakeFiles/3.22.1/CompilerIdC/tmp) by extension 'colcon_meta'
[0.099s] Level 1:colcon.colcon_core.package_identification:_identify(src/build/swarm_com/CMakeFiles/3.22.1/CompilerIdC/tmp) by extensions ['ros']
[0.099s] Level 1:colcon.colcon_core.package_identification:_identify(src/build/swarm_com/CMakeFiles/3.22.1/CompilerIdC/tmp) by extension 'ros'
[0.099s] Level 1:colcon.colcon_core.package_identification:_identify(src/build/swarm_com/CMakeFiles/3.22.1/CompilerIdC/tmp) by extensions ['cmake', 'python']
[0.099s] Level 1:colcon.colcon_core.package_identification:_identify(src/build/swarm_com/CMakeFiles/3.22.1/CompilerIdC/tmp) by extension 'cmake'
[0.099s] Level 1:colcon.colcon_core.package_identification:_identify(src/build/swarm_com/CMakeFiles/3.22.1/CompilerIdC/tmp) by extension 'python'
[0.100s] Level 1:colcon.colcon_core.package_identification:_identify(src/build/swarm_com/CMakeFiles/3.22.1/CompilerIdC/tmp) by extensions ['python_setup_py']
[0.100s] Level 1:colcon.colcon_core.package_identification:_identify(src/build/swarm_com/CMakeFiles/3.22.1/CompilerIdC/tmp) by extension 'python_setup_py'
[0.100s] Level 1:colcon.colcon_core.package_identification:_identify(src/build/swarm_com/CMakeFiles/3.22.1/CompilerIdCXX) by extensions ['ignore', 'ignore_ament_install']
[0.100s] Level 1:colcon.colcon_core.package_identification:_identify(src/build/swarm_com/CMakeFiles/3.22.1/CompilerIdCXX) by extension 'ignore'
[0.100s] Level 1:colcon.colcon_core.package_identification:_identify(src/build/swarm_com/CMakeFiles/3.22.1/CompilerIdCXX) by extension 'ignore_ament_install'
[0.100s] Level 1:colcon.colcon_core.package_identification:_identify(src/build/swarm_com/CMakeFiles/3.22.1/CompilerIdCXX) by extensions ['colcon_pkg']
[0.100s] Level 1:colcon.colcon_core.package_identification:_identify(src/build/swarm_com/CMakeFiles/3.22.1/CompilerIdCXX) by extension 'colcon_pkg'
[0.100s] Level 1:colcon.colcon_core.package_identification:_identify(src/build/swarm_com/CMakeFiles/3.22.1/CompilerIdCXX) by extensions ['colcon_meta']
[0.100s] Level 1:colcon.colcon_core.package_identification:_identify(src/build/swarm_com/CMakeFiles/3.22.1/CompilerIdCXX) by extension 'colcon_meta'
[0.100s] Level 1:colcon.colcon_core.package_identification:_identify(src/build/swarm_com/CMakeFiles/3.22.1/CompilerIdCXX) by extensions ['ros']
[0.100s] Level 1:colcon.colcon_core.package_identification:_identify(src/build/swarm_com/CMakeFiles/3.22.1/CompilerIdCXX) by extension 'ros'
[0.100s] Level 1:colcon.colcon_core.package_identification:_identify(src/build/swarm_com/CMakeFiles/3.22.1/CompilerIdCXX) by extensions ['cmake', 'python']
[0.100s] Level 1:colcon.colcon_core.package_identification:_identify(src/build/swarm_com/CMakeFiles/3.22.1/CompilerIdCXX) by extension 'cmake'
[0.100s] Level 1:colcon.colcon_core.package_identification:_identify(src/build/swarm_com/CMakeFiles/3.22.1/CompilerIdCXX) by extension 'python'
[0.100s] Level 1:colcon.colcon_core.package_identification:_identify(src/build/swarm_com/CMakeFiles/3.22.1/CompilerIdCXX) by extensions ['python_setup_py']
[0.100s] Level 1:colcon.colcon_core.package_identification:_identify(src/build/swarm_com/CMakeFiles/3.22.1/CompilerIdCXX) by extension 'python_setup_py'
[0.100s] Level 1:colcon.colcon_core.package_identification:_identify(src/build/swarm_com/CMakeFiles/3.22.1/CompilerIdCXX/tmp) by extensions ['ignore', 'ignore_ament_install']
[0.100s] Level 1:colcon.colcon_core.package_identification:_identify(src/build/swarm_com/CMakeFiles/3.22.1/CompilerIdCXX/tmp) by extension 'ignore'
[0.100s] Level 1:colcon.colcon_core.package_identification:_identify(src/build/swarm_com/CMakeFiles/3.22.1/CompilerIdCXX/tmp) by extension 'ignore_ament_install'
[0.100s] Level 1:colcon.colcon_core.package_identification:_identify(src/build/swarm_com/CMakeFiles/3.22.1/CompilerIdCXX/tmp) by extensions ['colcon_pkg']
[0.100s] Level 1:colcon.colcon_core.package_identification:_identify(src/build/swarm_com/CMakeFiles/3.22.1/CompilerIdCXX/tmp) by extension 'colcon_pkg'
[0.100s] Level 1:colcon.colcon_core.package_identification:_identify(src/build/swarm_com/CMakeFiles/3.22.1/CompilerIdCXX/tmp) by extensions ['colcon_meta']
[0.100s] Level 1:colcon.colcon_core.package_identification:_identify(src/build/swarm_com/CMakeFiles/3.22.1/CompilerIdCXX/tmp) by extension 'colcon_meta'
[0.100s] Level 1:colcon.colcon_core.package_identification:_identify(src/build/swarm_com/CMakeFiles/3.22.1/CompilerIdCXX/tmp) by extensions ['ros']
[0.100s] Level 1:colcon.colcon_core.package_identification:_identify(src/build/swarm_com/CMakeFiles/3.22.1/CompilerIdCXX/tmp) by extension 'ros'
[0.100s] Level 1:colcon.colcon_core.package_identification:_identify(src/build/swarm_com/CMakeFiles/3.22.1/CompilerIdCXX/tmp) by extensions ['cmake', 'python']
[0.100s] Level 1:colcon.colcon_core.package_identification:_identify(src/build/swarm_com/CMakeFiles/3.22.1/CompilerIdCXX/tmp) by extension 'cmake'
[0.100s] Level 1:colcon.colcon_core.package_identification:_identify(src/build/swarm_com/CMakeFiles/3.22.1/CompilerIdCXX/tmp) by extension 'python'
[0.100s] Level 1:colcon.colcon_core.package_identification:_identify(src/build/swarm_com/CMakeFiles/3.22.1/CompilerIdCXX/tmp) by extensions ['python_setup_py']
[0.100s] Level 1:colcon.colcon_core.package_identification:_identify(src/build/swarm_com/CMakeFiles/3.22.1/CompilerIdCXX/tmp) by extension 'python_setup_py'
[0.100s] Level 1:colcon.colcon_core.package_identification:_identify(src/build/swarm_com/CMakeFiles/CMakeTmp) by extensions ['ignore', 'ignore_ament_install']
[0.100s] Level 1:colcon.colcon_core.package_identification:_identify(src/build/swarm_com/CMakeFiles/CMakeTmp) by extension 'ignore'
[0.100s] Level 1:colcon.colcon_core.package_identification:_identify(src/build/swarm_com/CMakeFiles/CMakeTmp) by extension 'ignore_ament_install'
[0.100s] Level 1:colcon.colcon_core.package_identification:_identify(src/build/swarm_com/CMakeFiles/CMakeTmp) by extensions ['colcon_pkg']
[0.100s] Level 1:colcon.colcon_core.package_identification:_identify(src/build/swarm_com/CMakeFiles/CMakeTmp) by extension 'colcon_pkg'
[0.100s] Level 1:colcon.colcon_core.package_identification:_identify(src/build/swarm_com/CMakeFiles/CMakeTmp) by extensions ['colcon_meta']
[0.100s] Level 1:colcon.colcon_core.package_identification:_identify(src/build/swarm_com/CMakeFiles/CMakeTmp) by extension 'colcon_meta'
[0.100s] Level 1:colcon.colcon_core.package_identification:_identify(src/build/swarm_com/CMakeFiles/CMakeTmp) by extensions ['ros']
[0.100s] Level 1:colcon.colcon_core.package_identification:_identify(src/build/swarm_com/CMakeFiles/CMakeTmp) by extension 'ros'
[0.100s] Level 1:colcon.colcon_core.package_identification:_identify(src/build/swarm_com/CMakeFiles/CMakeTmp) by extensions ['cmake', 'python']
[0.100s] Level 1:colcon.colcon_core.package_identification:_identify(src/build/swarm_com/CMakeFiles/CMakeTmp) by extension 'cmake'
[0.100s] Level 1:colcon.colcon_core.package_identification:_identify(src/build/swarm_com/CMakeFiles/CMakeTmp) by extension 'python'
[0.101s] Level 1:colcon.colcon_core.package_identification:_identify(src/build/swarm_com/CMakeFiles/CMakeTmp) by extensions ['python_setup_py']
[0.101s] Level 1:colcon.colcon_core.package_identification:_identify(src/build/swarm_com/CMakeFiles/CMakeTmp) by extension 'python_setup_py'
[0.101s] Level 1:colcon.colcon_core.package_identification:_identify(src/build/swarm_com/ament_flake8) by extensions ['ignore', 'ignore_ament_install']
[0.101s] Level 1:colcon.colcon_core.package_identification:_identify(src/build/swarm_com/ament_flake8) by extension 'ignore'
[0.101s] Level 1:colcon.colcon_core.package_identification:_identify(src/build/swarm_com/ament_flake8) by extension 'ignore_ament_install'
[0.101s] Level 1:colcon.colcon_core.package_identification:_identify(src/build/swarm_com/ament_flake8) by extensions ['colcon_pkg']
[0.101s] Level 1:colcon.colcon_core.package_identification:_identify(src/build/swarm_com/ament_flake8) by extension 'colcon_pkg'
[0.101s] Level 1:colcon.colcon_core.package_identification:_identify(src/build/swarm_com/ament_flake8) by extensions ['colcon_meta']
[0.101s] Level 1:colcon.colcon_core.package_identification:_identify(src/build/swarm_com/ament_flake8) by extension 'colcon_meta'
[0.101s] Level 1:colcon.colcon_core.package_identification:_identify(src/build/swarm_com/ament_flake8) by extensions ['ros']
[0.101s] Level 1:colcon.colcon_core.package_identification:_identify(src/build/swarm_com/ament_flake8) by extension 'ros'
[0.101s] Level 1:colcon.colcon_core.package_identification:_identify(src/build/swarm_com/ament_flake8) by extensions ['cmake', 'python']
[0.101s] Level 1:colcon.colcon_core.package_identification:_identify(src/build/swarm_com/ament_flake8) by extension 'cmake'
[0.101s] Level 1:colcon.colcon_core.package_identification:_identify(src/build/swarm_com/ament_flake8) by extension 'python'
[0.101s] Level 1:colcon.colcon_core.package_identification:_identify(src/build/swarm_com/ament_flake8) by extensions ['python_setup_py']
[0.101s] Level 1:colcon.colcon_core.package_identification:_identify(src/build/swarm_com/ament_flake8) by extension 'python_setup_py'
[0.101s] Level 1:colcon.colcon_core.package_identification:_identify(src/build/swarm_com/ament_lint_cmake) by extensions ['ignore', 'ignore_ament_install']
[0.101s] Level 1:colcon.colcon_core.package_identification:_identify(src/build/swarm_com/ament_lint_cmake) by extension 'ignore'
[0.101s] Level 1:colcon.colcon_core.package_identification:_identify(src/build/swarm_com/ament_lint_cmake) by extension 'ignore_ament_install'
[0.101s] Level 1:colcon.colcon_core.package_identification:_identify(src/build/swarm_com/ament_lint_cmake) by extensions ['colcon_pkg']
[0.101s] Level 1:colcon.colcon_core.package_identification:_identify(src/build/swarm_com/ament_lint_cmake) by extension 'colcon_pkg'
[0.101s] Level 1:colcon.colcon_core.package_identification:_identify(src/build/swarm_com/ament_lint_cmake) by extensions ['colcon_meta']
[0.101s] Level 1:colcon.colcon_core.package_identification:_identify(src/build/swarm_com/ament_lint_cmake) by extension 'colcon_meta'
[0.101s] Level 1:colcon.colcon_core.package_identification:_identify(src/build/swarm_com/ament_lint_cmake) by extensions ['ros']
[0.101s] Level 1:colcon.colcon_core.package_identification:_identify(src/build/swarm_com/ament_lint_cmake) by extension 'ros'
[0.101s] Level 1:colcon.colcon_core.package_identification:_identify(src/build/swarm_com/ament_lint_cmake) by extensions ['cmake', 'python']
[0.101s] Level 1:colcon.colcon_core.package_identification:_identify(src/build/swarm_com/ament_lint_cmake) by extension 'cmake'
[0.101s] Level 1:colcon.colcon_core.package_identification:_identify(src/build/swarm_com/ament_lint_cmake) by extension 'python'
[0.101s] Level 1:colcon.colcon_core.package_identification:_identify(src/build/swarm_com/ament_lint_cmake) by extensions ['python_setup_py']
[0.101s] Level 1:colcon.colcon_core.package_identification:_identify(src/build/swarm_com/ament_lint_cmake) by extension 'python_setup_py'
[0.101s] Level 1:colcon.colcon_core.package_identification:_identify(src/build/swarm_com/ament_pep257) by extensions ['ignore', 'ignore_ament_install']
[0.101s] Level 1:colcon.colcon_core.package_identification:_identify(src/build/swarm_com/ament_pep257) by extension 'ignore'
[0.101s] Level 1:colcon.colcon_core.package_identification:_identify(src/build/swarm_com/ament_pep257) by extension 'ignore_ament_install'
[0.101s] Level 1:colcon.colcon_core.package_identification:_identify(src/build/swarm_com/ament_pep257) by extensions ['colcon_pkg']
[0.101s] Level 1:colcon.colcon_core.package_identification:_identify(src/build/swarm_com/ament_pep257) by extension 'colcon_pkg'
[0.101s] Level 1:colcon.colcon_core.package_identification:_identify(src/build/swarm_com/ament_pep257) by extensions ['colcon_meta']
[0.101s] Level 1:colcon.colcon_core.package_identification:_identify(src/build/swarm_com/ament_pep257) by extension 'colcon_meta'
[0.101s] Level 1:colcon.colcon_core.package_identification:_identify(src/build/swarm_com/ament_pep257) by extensions ['ros']
[0.101s] Level 1:colcon.colcon_core.package_identification:_identify(src/build/swarm_com/ament_pep257) by extension 'ros'
[0.101s] Level 1:colcon.colcon_core.package_identification:_identify(src/build/swarm_com/ament_pep257) by extensions ['cmake', 'python']
[0.101s] Level 1:colcon.colcon_core.package_identification:_identify(src/build/swarm_com/ament_pep257) by extension 'cmake'
[0.101s] Level 1:colcon.colcon_core.package_identification:_identify(src/build/swarm_com/ament_pep257) by extension 'python'
[0.101s] Level 1:colcon.colcon_core.package_identification:_identify(src/build/swarm_com/ament_pep257) by extensions ['python_setup_py']
[0.101s] Level 1:colcon.colcon_core.package_identification:_identify(src/build/swarm_com/ament_pep257) by extension 'python_setup_py'
[0.102s] Level 1:colcon.colcon_core.package_identification:_identify(src/build/swarm_com/ament_xmllint) by extensions ['ignore', 'ignore_ament_install']
[0.102s] Level 1:colcon.colcon_core.package_identification:_identify(src/build/swarm_com/ament_xmllint) by extension 'ignore'
[0.102s] Level 1:colcon.colcon_core.package_identification:_identify(src/build/swarm_com/ament_xmllint) by extension 'ignore_ament_install'
[0.102s] Level 1:colcon.colcon_core.package_identification:_identify(src/build/swarm_com/ament_xmllint) by extensions ['colcon_pkg']
[0.102s] Level 1:colcon.colcon_core.package_identification:_identify(src/build/swarm_com/ament_xmllint) by extension 'colcon_pkg'
[0.102s] Level 1:colcon.colcon_core.package_identification:_identify(src/build/swarm_com/ament_xmllint) by extensions ['colcon_meta']
[0.102s] Level 1:colcon.colcon_core.package_identification:_identify(src/build/swarm_com/ament_xmllint) by extension 'colcon_meta'
[0.102s] Level 1:colcon.colcon_core.package_identification:_identify(src/build/swarm_com/ament_xmllint) by extensions ['ros']
[0.102s] Level 1:colcon.colcon_core.package_identification:_identify(src/build/swarm_com/ament_xmllint) by extension 'ros'
[0.102s] Level 1:colcon.colcon_core.package_identification:_identify(src/build/swarm_com/ament_xmllint) by extensions ['cmake', 'python']
[0.102s] Level 1:colcon.colcon_core.package_identification:_identify(src/build/swarm_com/ament_xmllint) by extension 'cmake'
[0.102s] Level 1:colcon.colcon_core.package_identification:_identify(src/build/swarm_com/ament_xmllint) by extension 'python'
[0.102s] Level 1:colcon.colcon_core.package_identification:_identify(src/build/swarm_com/ament_xmllint) by extensions ['python_setup_py']
[0.102s] Level 1:colcon.colcon_core.package_identification:_identify(src/build/swarm_com/ament_xmllint) by extension 'python_setup_py'
[0.102s] Level 1:colcon.colcon_core.package_identification:_identify(src/swarm_com) by extensions ['ignore', 'ignore_ament_install']
[0.102s] Level 1:colcon.colcon_core.package_identification:_identify(src/swarm_com) by extension 'ignore'
[0.102s] Level 1:colcon.colcon_core.package_identification:_identify(src/swarm_com) by extension 'ignore_ament_install'
[0.102s] Level 1:colcon.colcon_core.package_identification:_identify(src/swarm_com) by extensions ['colcon_pkg']
[0.102s] Level 1:colcon.colcon_core.package_identification:_identify(src/swarm_com) by extension 'colcon_pkg'
[0.102s] Level 1:colcon.colcon_core.package_identification:_identify(src/swarm_com) by extensions ['colcon_meta']
[0.102s] Level 1:colcon.colcon_core.package_identification:_identify(src/swarm_com) by extension 'colcon_meta'
[0.102s] Level 1:colcon.colcon_core.package_identification:_identify(src/swarm_com) by extensions ['ros']
[0.102s] Level 1:colcon.colcon_core.package_identification:_identify(src/swarm_com) by extension 'ros'
[0.102s] Level 1:colcon.colcon_core.package_identification:_identify(src/swarm_com) by extensions ['cmake', 'python']
[0.102s] Level 1:colcon.colcon_core.package_identification:_identify(src/swarm_com) by extension 'cmake'
[0.102s] Level 1:colcon.colcon_core.package_identification:_identify(src/swarm_com) by extension 'python'
[0.102s] Level 1:colcon.colcon_core.package_identification:_identify(src/swarm_com) by extensions ['python_setup_py']
[0.102s] Level 1:colcon.colcon_core.package_identification:_identify(src/swarm_com) by extension 'python_setup_py'
[0.102s] Level 1:colcon.colcon_core.package_identification:_identify(src/swarm_com/include) by extensions ['ignore', 'ignore_ament_install']
[0.102s] Level 1:colcon.colcon_core.package_identification:_identify(src/swarm_com/include) by extension 'ignore'
[0.102s] Level 1:colcon.colcon_core.package_identification:_identify(src/swarm_com/include) by extension 'ignore_ament_install'
[0.102s] Level 1:colcon.colcon_core.package_identification:_identify(src/swarm_com/include) by extensions ['colcon_pkg']
[0.102s] Level 1:colcon.colcon_core.package_identification:_identify(src/swarm_com/include) by extension 'colcon_pkg'
[0.102s] Level 1:colcon.colcon_core.package_identification:_identify(src/swarm_com/include) by extensions ['colcon_meta']
[0.102s] Level 1:colcon.colcon_core.package_identification:_identify(src/swarm_com/include) by extension 'colcon_meta'
[0.102s] Level 1:colcon.colcon_core.package_identification:_identify(src/swarm_com/include) by extensions ['ros']
[0.102s] Level 1:colcon.colcon_core.package_identification:_identify(src/swarm_com/include) by extension 'ros'
[0.102s] Level 1:colcon.colcon_core.package_identification:_identify(src/swarm_com/include) by extensions ['cmake', 'python']
[0.102s] Level 1:colcon.colcon_core.package_identification:_identify(src/swarm_com/include) by extension 'cmake'
[0.102s] Level 1:colcon.colcon_core.package_identification:_identify(src/swarm_com/include) by extension 'python'
[0.103s] Level 1:colcon.colcon_core.package_identification:_identify(src/swarm_com/include) by extensions ['python_setup_py']
[0.103s] Level 1:colcon.colcon_core.package_identification:_identify(src/swarm_com/include) by extension 'python_setup_py'
[0.103s] Level 1:colcon.colcon_core.package_identification:_identify(src/swarm_com/include/swarm_com) by extensions ['ignore', 'ignore_ament_install']
[0.103s] Level 1:colcon.colcon_core.package_identification:_identify(src/swarm_com/include/swarm_com) by extension 'ignore'
[0.103s] Level 1:colcon.colcon_core.package_identification:_identify(src/swarm_com/include/swarm_com) by extension 'ignore_ament_install'
[0.103s] Level 1:colcon.colcon_core.package_identification:_identify(src/swarm_com/include/swarm_com) by extensions ['colcon_pkg']
[0.103s] Level 1:colcon.colcon_core.package_identification:_identify(src/swarm_com/include/swarm_com) by extension 'colcon_pkg'
[0.103s] Level 1:colcon.colcon_core.package_identification:_identify(src/swarm_com/include/swarm_com) by extensions ['colcon_meta']
[0.103s] Level 1:colcon.colcon_core.package_identification:_identify(src/swarm_com/include/swarm_com) by extension 'colcon_meta'
[0.103s] Level 1:colcon.colcon_core.package_identification:_identify(src/swarm_com/include/swarm_com) by extensions ['ros']
[0.103s] Level 1:colcon.colcon_core.package_identification:_identify(src/swarm_com/include/swarm_com) by extension 'ros'
[0.103s] Level 1:colcon.colcon_core.package_identification:_identify(src/swarm_com/include/swarm_com) by extensions ['cmake', 'python']
[0.103s] Level 1:colcon.colcon_core.package_identification:_identify(src/swarm_com/include/swarm_com) by extension 'cmake'
[0.103s] Level 1:colcon.colcon_core.package_identification:_identify(src/swarm_com/include/swarm_com) by extension 'python'
[0.103s] Level 1:colcon.colcon_core.package_identification:_identify(src/swarm_com/include/swarm_com) by extensions ['python_setup_py']
[0.103s] Level 1:colcon.colcon_core.package_identification:_identify(src/swarm_com/include/swarm_com) by extension 'python_setup_py'
[0.103s] Level 1:colcon.colcon_core.package_identification:_identify(src/swarm_com/launch) by extensions ['ignore', 'ignore_ament_install']
[0.103s] Level 1:colcon.colcon_core.package_identification:_identify(src/swarm_com/launch) by extension 'ignore'
[0.103s] Level 1:colcon.colcon_core.package_identification:_identify(src/swarm_com/launch) by extension 'ignore_ament_install'
[0.103s] Level 1:colcon.colcon_core.package_identification:_identify(src/swarm_com/launch) by extensions ['colcon_pkg']
[0.103s] Level 1:colcon.colcon_core.package_identification:_identify(src/swarm_com/launch) by extension 'colcon_pkg'
[0.103s] Level 1:colcon.colcon_core.package_identification:_identify(src/swarm_com/launch) by extensions ['colcon_meta']
[0.103s] Level 1:colcon.colcon_core.package_identification:_identify(src/swarm_com/launch) by extension 'colcon_meta'
[0.103s] Level 1:colcon.colcon_core.package_identification:_identify(src/swarm_com/launch) by extensions ['ros']
[0.103s] Level 1:colcon.colcon_core.package_identification:_identify(src/swarm_com/launch) by extension 'ros'
[0.103s] Level 1:colcon.colcon_core.package_identification:_identify(src/swarm_com/launch) by extensions ['cmake', 'python']
[0.103s] Level 1:colcon.colcon_core.package_identification:_identify(src/swarm_com/launch) by extension 'cmake'
[0.103s] Level 1:colcon.colcon_core.package_identification:_identify(src/swarm_com/launch) by extension 'python'
[0.103s] Level 1:colcon.colcon_core.package_identification:_identify(src/swarm_com/launch) by extensions ['python_setup_py']
[0.103s] Level 1:colcon.colcon_core.package_identification:_identify(src/swarm_com/launch) by extension 'python_setup_py'
[0.103s] Level 1:colcon.colcon_core.package_identification:_identify(src/swarm_com/src) by extensions ['ignore', 'ignore_ament_install']
[0.103s] Level 1:colcon.colcon_core.package_identification:_identify(src/swarm_com/src) by extension 'ignore'
[0.103s] Level 1:colcon.colcon_core.package_identification:_identify(src/swarm_com/src) by extension 'ignore_ament_install'
[0.103s] Level 1:colcon.colcon_core.package_identification:_identify(src/swarm_com/src) by extensions ['colcon_pkg']
[0.103s] Level 1:colcon.colcon_core.package_identification:_identify(src/swarm_com/src) by extension 'colcon_pkg'
[0.103s] Level 1:colcon.colcon_core.package_identification:_identify(src/swarm_com/src) by extensions ['colcon_meta']
[0.103s] Level 1:colcon.colcon_core.package_identification:_identify(src/swarm_com/src) by extension 'colcon_meta'
[0.103s] Level 1:colcon.colcon_core.package_identification:_identify(src/swarm_com/src) by extensions ['ros']
[0.103s] Level 1:colcon.colcon_core.package_identification:_identify(src/swarm_com/src) by extension 'ros'
[0.103s] Level 1:colcon.colcon_core.package_identification:_identify(src/swarm_com/src) by extensions ['cmake', 'python']
[0.103s] Level 1:colcon.colcon_core.package_identification:_identify(src/swarm_com/src) by extension 'cmake'
[0.103s] Level 1:colcon.colcon_core.package_identification:_identify(src/swarm_com/src) by extension 'python'
[0.103s] Level 1:colcon.colcon_core.package_identification:_identify(src/swarm_com/src) by extensions ['python_setup_py']
[0.103s] Level 1:colcon.colcon_core.package_identification:_identify(src/swarm_com/src) by extension 'python_setup_py'
[0.103s] Level 1:colcon.colcon_core.package_discovery:discover_packages(recursive) using defaults
[0.104s] Level 1:colcon.colcon_core.package_discovery:discover_packages(ignore) discover
[0.104s] Level 1:colcon.colcon_core.package_discovery:discover_packages(ignore) using defaults
[0.104s] Level 1:colcon.colcon_core.package_discovery:discover_packages(path) discover
[0.104s] Level 1:colcon.colcon_core.package_discovery:discover_packages(path) using defaults
[0.116s] Level 1:colcon.colcon_core.package_discovery:discover_packages(prefix_path) check parameters
[0.116s] Level 1:colcon.colcon_core.package_discovery:discover_packages(prefix_path) discover
[0.116s] WARNING:colcon.colcon_ros.prefix_path.ament:The path '/home/janhavi/drone_swarm_py/install/swarm_com' in the environment variable AMENT_PREFIX_PATH doesn't exist
[0.116s] WARNING:colcon.colcon_ros.prefix_path.catkin:The path '/home/janhavi/drone_swarm_py/install/swarm_com' in the environment variable CMAKE_PREFIX_PATH doesn't exist
[0.116s] DEBUG:colcon.colcon_installed_package_information.package_discovery:Found 0 installed packages in /home/janhavi/drone_swarm_py/install
[0.117s] DEBUG:colcon.colcon_installed_package_information.package_discovery:Found 271 installed packages in /opt/ros/humble
[0.118s] Level 1:colcon.colcon_core.package_discovery:discover_packages(prefix_path) using defaults
[0.137s] INFO:colcon.colcon_core.executor:Executing jobs using 'parallel' executor
[0.138s] DEBUG:colcon.colcon_parallel_executor.executor.parallel:run_until_complete
[0.138s] DEBUG:colcon.colcon_parallel_executor.executor.parallel:closing loop
[0.138s] DEBUG:colcon.colcon_parallel_executor.executor.parallel:loop closed
[0.138s] DEBUG:colcon.colcon_parallel_executor.executor.parallel:run_until_complete finished with '0'
[0.138s] DEBUG:colcon.colcon_core.event_reactor:joining thread
[0.143s] INFO:colcon.colcon_core.plugin_system:Skipping extension 'colcon_notification.desktop_notification.terminal_notifier': Not used on non-Darwin systems
[0.143s] INFO:colcon.colcon_core.plugin_system:Skipping extension 'colcon_notification.desktop_notification.win32': Not used on non-Windows systems
[0.143s] INFO:colcon.colcon_notification.desktop_notification:Sending desktop notification using 'notify2'
[0.157s] DEBUG:colcon.colcon_core.event_reactor:joined thread
[0.159s] INFO:colcon.colcon_core.plugin_system:Skipping extension 'colcon_core.shell.bat': Not used on non-Windows systems
[0.159s] INFO:colcon.colcon_core.shell:Creating prefix script '/home/janhavi/drone_swarm_py/install/local_setup.ps1'
[0.159s] INFO:colcon.colcon_core.shell:Creating prefix util module '/home/janhavi/drone_swarm_py/install/_local_setup_util_ps1.py'
[0.160s] INFO:colcon.colcon_core.shell:Creating prefix chain script '/home/janhavi/drone_swarm_py/install/setup.ps1'
[0.161s] INFO:colcon.colcon_core.shell:Creating prefix script '/home/janhavi/drone_swarm_py/install/local_setup.sh'
[0.161s] INFO:colcon.colcon_core.shell:Creating prefix util module '/home/janhavi/drone_swarm_py/install/_local_setup_util_sh.py'
[0.161s] INFO:colcon.colcon_core.shell:Creating prefix chain script '/home/janhavi/drone_swarm_py/install/setup.sh'
[0.162s] INFO:colcon.colcon_core.shell:Creating prefix script '/home/janhavi/drone_swarm_py/install/local_setup.bash'
[0.162s] INFO:colcon.colcon_core.shell:Creating prefix chain script '/home/janhavi/drone_swarm_py/install/setup.bash'
[0.162s] INFO:colcon.colcon_core.shell:Creating prefix script '/home/janhavi/drone_swarm_py/install/local_setup.zsh'
[0.163s] INFO:colcon.colcon_core.shell:Creating prefix chain script '/home/janhavi/drone_swarm_py/install/setup.zsh'
